#
# There is insufficient memory for the Java Runtime Environment to continue.
# Native memory allocation (malloc) failed to allocate 430384 bytes for Chunk::new
# Possible reasons:
#   The system is out of physical RAM or swap space
#   In 32 bit mode, the process size limit was hit
# Possible solutions:
#   Reduce memory load on the system
#   Increase physical memory or swap space
#   Check if swap backing store is full
#   Use 64 bit Java on a 64 bit OS
#   Decrease Java heap size (-Xmx/-Xms)
#   Decrease number of Java threads
#   Decrease Java thread stack sizes (-Xss)
#   Set larger code cache with -XX:ReservedCodeCacheSize=
# This output file may be truncated or incomplete.
#
#  Out of Memory Error (allocation.cpp:388), pid=30564, tid=35372
#
# JRE version: Java(TM) SE Runtime Environment (8.0-b132) (build 1.8.0-b132)
# Java VM: Java HotSpot(TM) 64-Bit Server VM (25.0-b70 mixed mode windows-amd64 compressed oops)
# Failed to write core dump. Minidumps are not enabled by default on client versions of Windows
#

---------------  T H R E A D  ---------------

Current thread (0x0000000055bf7800):  JavaThread "C2 CompilerThread0" daemon [_thread_in_native, id=35372, stack(0x0000000056cb0000,0x0000000056db0000)]

Stack: [0x0000000056cb0000,0x0000000056db0000]
Native frames: (J=compiled Java code, j=interpreted, Vv=VM code, C=native code)
V  [jvm.dll+0x308e0a]


Current CompileTask:
C2:   6042 2525   !   4       org.apache.tomcat.util.IntrospectionUtils::setProperty (892 bytes)


---------------  P R O C E S S  ---------------

Java Threads: ( => current thread )
  0x0000000058f39800 JavaThread "localhost-startStop-1" daemon [_thread_in_vm, id=35384, stack(0x000000005a3c0000,0x000000005a4c0000)]
  0x000000005711a800 JavaThread "Tomcat-startStop-1" daemon [_thread_blocked, id=36368, stack(0x000000005a800000,0x000000005a900000)]
  0x0000000057ec4000 JavaThread "RMI TCP Accept-0" daemon [_thread_in_native, id=36812, stack(0x0000000058940000,0x0000000058a40000)]
  0x0000000057ebb800 JavaThread "RMI TCP Accept-47275" daemon [_thread_in_native, id=31112, stack(0x0000000058800000,0x0000000058900000)]
  0x0000000057eef800 JavaThread "RMI TCP Accept-0" daemon [_thread_in_native, id=36396, stack(0x0000000057cd0000,0x0000000057dd0000)]
  0x0000000056fb8800 JavaThread "Service Thread" daemon [_thread_blocked, id=35536, stack(0x0000000057500000,0x0000000057600000)]
  0x0000000055c0e800 JavaThread "C1 CompilerThread1" daemon [_thread_in_vm, id=36684, stack(0x0000000056e80000,0x0000000056f80000)]
=>0x0000000055bf7800 JavaThread "C2 CompilerThread0" daemon [_thread_in_native, id=35372, stack(0x0000000056cb0000,0x0000000056db0000)]
  0x0000000055bf6000 JavaThread "Attach Listener" daemon [_thread_blocked, id=31732, stack(0x0000000056990000,0x0000000056a90000)]
  0x0000000055bf4800 JavaThread "Signal Dispatcher" daemon [_thread_blocked, id=35056, stack(0x0000000056b10000,0x0000000056c10000)]
  0x0000000055b8b800 JavaThread "Finalizer" daemon [_thread_blocked, id=36700, stack(0x0000000056840000,0x0000000056940000)]
  0x0000000055b82000 JavaThread "Reference Handler" daemon [_thread_blocked, id=33300, stack(0x0000000056610000,0x0000000056710000)]
  0x0000000001df2800 JavaThread "main" [_thread_blocked, id=35436, stack(0x0000000002030000,0x0000000002130000)]

Other Threads:
  0x0000000055b7e000 VMThread [stack: 0x0000000056740000,0x0000000056840000] [id=33012]
  0x0000000057ec7000 WatcherThread [stack: 0x0000000058a90000,0x0000000058b90000] [id=36540]

VM state:not at safepoint (normal execution)

VM Mutex/Monitor currently owned by a thread: None

Heap:
 PSYoungGen      total 57344K, used 4740K [0x00000000e0300000, 0x00000000e5600000, 0x0000000100000000)
  eden space 54784K, 4% used [0x00000000e0300000,0x00000000e0524a98,0x00000000e3880000)
  from space 2560K, 99% used [0x00000000e3880000,0x00000000e3afc730,0x00000000e3b00000)
  to   space 4096K, 0% used [0x00000000e5200000,0x00000000e5200000,0x00000000e5600000)
 ParOldGen       total 96768K, used 8058K [0x00000000a0800000, 0x00000000a6680000, 0x00000000e0300000)
  object space 96768K, 8% used [0x00000000a0800000,0x00000000a0fde980,0x00000000a6680000)
 Metaspace       used 20732K, capacity 21014K, committed 21248K, reserved 1067008K
  class space    used 2634K, capacity 2693K, committed 2816K, reserved 1048576K

Card table byte_map: [0x00000000117c0000,0x0000000011ac0000] byte_map_base: 0x00000000112bc000

Marking Bits: (ParMarkBitMap*) 0x000000006feb13b0
 Begin Bits: [0x0000000011f90000, 0x0000000013770000)
 End Bits:   [0x0000000013770000, 0x0000000014f50000)

Polling page: 0x0000000000300000

CodeCache: size=245760Kb used=8973Kb max_used=8973Kb free=236786Kb
 bounds [0x0000000002400000, 0x0000000002cd0000, 0x0000000011400000]
 total_blobs=2910 nmethods=2537 adapters=287
 compilation: enabled

Compilation events (10 events):
Event: 6.033 Thread 0x0000000055c0e800 2560       2       org.apache.tomcat.util.modeler.OperationInfo::<init> (25 bytes)
Event: 6.034 Thread 0x0000000055c0e800 nmethod 2560 0x0000000002cc7190 code [0x0000000002cc72e0, 0x0000000002cc7550]
Event: 6.034 Thread 0x0000000055c0e800 2561       2       org.apache.tomcat.util.modeler.OperationInfo::setReturnType (6 bytes)
Event: 6.034 Thread 0x0000000055c0e800 nmethod 2561 0x0000000002518ad0 code [0x0000000002518c20, 0x0000000002518d90]
Event: 6.035 Thread 0x0000000055c0e800 2562       2       org.apache.tomcat.util.modeler.ManagedBean::addOperation (17 bytes)
Event: 6.035 Thread 0x0000000055c0e800 nmethod 2562 0x0000000002cc7610 code [0x0000000002cc7780, 0x0000000002cc7938]
Event: 6.036 Thread 0x0000000055c0e800 2563       2       org.apache.tomcat.util.modeler.ParameterInfo::<init> (5 bytes)
Event: 6.036 Thread 0x0000000055c0e800 nmethod 2563 0x0000000002cc7a10 code [0x0000000002cc7b60, 0x0000000002cc7cf0]
Event: 6.037 Thread 0x0000000055c0e800 2564   !   2       org.apache.tomcat.util.modeler.OperationInfo::addParameter (64 bytes)
Event: 6.037 Thread 0x0000000055c0e800 nmethod 2564 0x0000000002cc7d90 code [0x0000000002cc7f00, 0x0000000002cc83c8]

GC Heap History (10 events):
Event: 3.215 GC heap before
{Heap before GC invocations=17 (full 0):
 PSYoungGen      total 30208K, used 28608K [0x00000000e0300000, 0x00000000e2280000, 0x0000000100000000)
  eden space 28160K, 100% used [0x00000000e0300000,0x00000000e1e80000,0x00000000e1e80000)
  from space 2048K, 21% used [0x00000000e2080000,0x00000000e20f0000,0x00000000e2280000)
  to   space 2048K, 0% used [0x00000000e1e80000,0x00000000e1e80000,0x00000000e2080000)
 ParOldGen       total 96768K, used 4199K [0x00000000a0800000, 0x00000000a6680000, 0x00000000e0300000)
  object space 96768K, 4% used [0x00000000a0800000,0x00000000a0c19d90,0x00000000a6680000)
 Metaspace       used 13744K, capacity 13986K, committed 14208K, reserved 1060864K
  class space    used 1767K, capacity 1831K, committed 1920K, reserved 1048576K
Event: 3.218 GC heap after
Heap after GC invocations=17 (full 0):
 PSYoungGen      total 30208K, used 64K [0x00000000e0300000, 0x00000000e2d80000, 0x0000000100000000)
  eden space 28160K, 0% used [0x00000000e0300000,0x00000000e0300000,0x00000000e1e80000)
  from space 2048K, 3% used [0x00000000e1e80000,0x00000000e1e90000,0x00000000e2080000)
  to   space 2048K, 0% used [0x00000000e2b80000,0x00000000e2b80000,0x00000000e2d80000)
 ParOldGen       total 96768K, used 4479K [0x00000000a0800000, 0x00000000a6680000, 0x00000000e0300000)
  object space 96768K, 4% used [0x00000000a0800000,0x00000000a0c5fd90,0x00000000a6680000)
 Metaspace       used 13744K, capacity 13986K, committed 14208K, reserved 1060864K
  class space    used 1767K, capacity 1831K, committed 1920K, reserved 1048576K
}
Event: 3.468 GC heap before
{Heap before GC invocations=18 (full 0):
 PSYoungGen      total 30208K, used 28224K [0x00000000e0300000, 0x00000000e2d80000, 0x0000000100000000)
  eden space 28160K, 100% used [0x00000000e0300000,0x00000000e1e80000,0x00000000e1e80000)
  from space 2048K, 3% used [0x00000000e1e80000,0x00000000e1e90000,0x00000000e2080000)
  to   space 2048K, 0% used [0x00000000e2b80000,0x00000000e2b80000,0x00000000e2d80000)
 ParOldGen       total 96768K, used 4479K [0x00000000a0800000, 0x00000000a6680000, 0x00000000e0300000)
  object space 96768K, 4% used [0x00000000a0800000,0x00000000a0c5fd90,0x00000000a6680000)
 Metaspace       used 14357K, capacity 14562K, committed 14720K, reserved 1062912K
  class space    used 1862K, capacity 1895K, committed 1920K, reserved 1048576K
Event: 3.475 GC heap after
Heap after GC invocations=18 (full 0):
 PSYoungGen      total 41472K, used 896K [0x00000000e0300000, 0x00000000e2d80000, 0x0000000100000000)
  eden space 39424K, 0% used [0x00000000e0300000,0x00000000e0300000,0x00000000e2980000)
  from space 2048K, 43% used [0x00000000e2b80000,0x00000000e2c603a8,0x00000000e2d80000)
  to   space 2048K, 0% used [0x00000000e2980000,0x00000000e2980000,0x00000000e2b80000)
 ParOldGen       total 96768K, used 4487K [0x00000000a0800000, 0x00000000a6680000, 0x00000000e0300000)
  object space 96768K, 4% used [0x00000000a0800000,0x00000000a0c61d90,0x00000000a6680000)
 Metaspace       used 14357K, capacity 14562K, committed 14720K, reserved 1062912K
  class space    used 1862K, capacity 1895K, committed 1920K, reserved 1048576K
}
Event: 4.093 GC heap before
{Heap before GC invocations=19 (full 0):
 PSYoungGen      total 41472K, used 40320K [0x00000000e0300000, 0x00000000e2d80000, 0x0000000100000000)
  eden space 39424K, 100% used [0x00000000e0300000,0x00000000e2980000,0x00000000e2980000)
  from space 2048K, 43% used [0x00000000e2b80000,0x00000000e2c603a8,0x00000000e2d80000)
  to   space 2048K, 0% used [0x00000000e2980000,0x00000000e2980000,0x00000000e2b80000)
 ParOldGen       total 96768K, used 4487K [0x00000000a0800000, 0x00000000a6680000, 0x00000000e0300000)
  object space 96768K, 4% used [0x00000000a0800000,0x00000000a0c61d90,0x00000000a6680000)
 Metaspace       used 15260K, capacity 15494K, committed 15616K, reserved 1062912K
  class space    used 1984K, capacity 2029K, committed 2048K, reserved 1048576K
Event: 4.101 GC heap after
Heap after GC invocations=19 (full 0):
 PSYoungGen      total 41472K, used 1547K [0x00000000e0300000, 0x00000000e3d00000, 0x0000000100000000)
  eden space 39424K, 0% used [0x00000000e0300000,0x00000000e0300000,0x00000000e2980000)
  from space 2048K, 75% used [0x00000000e2980000,0x00000000e2b02c70,0x00000000e2b80000)
  to   space 2048K, 0% used [0x00000000e3b00000,0x00000000e3b00000,0x00000000e3d00000)
 ParOldGen       total 96768K, used 4687K [0x00000000a0800000, 0x00000000a6680000, 0x00000000e0300000)
  object space 96768K, 4% used [0x00000000a0800000,0x00000000a0c93d90,0x00000000a6680000)
 Metaspace       used 15260K, capacity 15494K, committed 15616K, reserved 1062912K
  class space    used 1984K, capacity 2029K, committed 2048K, reserved 1048576K
}
Event: 4.921 GC heap before
{Heap before GC invocations=20 (full 0):
 PSYoungGen      total 41472K, used 40971K [0x00000000e0300000, 0x00000000e3d00000, 0x0000000100000000)
  eden space 39424K, 100% used [0x00000000e0300000,0x00000000e2980000,0x00000000e2980000)
  from space 2048K, 75% used [0x00000000e2980000,0x00000000e2b02c70,0x00000000e2b80000)
  to   space 2048K, 0% used [0x00000000e3b00000,0x00000000e3b00000,0x00000000e3d00000)
 ParOldGen       total 96768K, used 4687K [0x00000000a0800000, 0x00000000a6680000, 0x00000000e0300000)
  object space 96768K, 4% used [0x00000000a0800000,0x00000000a0c93d90,0x00000000a6680000)
 Metaspace       used 17010K, capacity 17234K, committed 17408K, reserved 1064960K
  class space    used 2183K, capacity 2223K, committed 2304K, reserved 1048576K
Event: 4.950 GC heap after
Heap after GC invocations=20 (full 0):
 PSYoungGen      total 56832K, used 1825K [0x00000000e0300000, 0x00000000e3e00000, 0x0000000100000000)
  eden space 54784K, 0% used [0x00000000e0300000,0x00000000e0300000,0x00000000e3880000)
  from space 2048K, 89% used [0x00000000e3b00000,0x00000000e3cc8530,0x00000000e3d00000)
  to   space 2560K, 0% used [0x00000000e3880000,0x00000000e3880000,0x00000000e3b00000)
 ParOldGen       total 96768K, used 5265K [0x00000000a0800000, 0x00000000a6680000, 0x00000000e0300000)
  object space 96768K, 5% used [0x00000000a0800000,0x00000000a0d245c0,0x00000000a6680000)
 Metaspace       used 17010K, capacity 17234K, committed 17408K, reserved 1064960K
  class space    used 2183K, capacity 2223K, committed 2304K, reserved 1048576K
}
Event: 5.960 GC heap before
{Heap before GC invocations=21 (full 0):
 PSYoungGen      total 56832K, used 56609K [0x00000000e0300000, 0x00000000e3e00000, 0x0000000100000000)
  eden space 54784K, 100% used [0x00000000e0300000,0x00000000e3880000,0x00000000e3880000)
  from space 2048K, 89% used [0x00000000e3b00000,0x00000000e3cc8530,0x00000000e3d00000)
  to   space 2560K, 0% used [0x00000000e3880000,0x00000000e3880000,0x00000000e3b00000)
 ParOldGen       total 96768K, used 5265K [0x00000000a0800000, 0x00000000a6680000, 0x00000000e0300000)
  object space 96768K, 5% used [0x00000000a0800000,0x00000000a0d245c0,0x00000000a6680000)
 Metaspace       used 20583K, capacity 20854K, committed 21120K, reserved 1067008K
  class space    used 2614K, capacity 2661K, committed 2688K, reserved 1048576K
Event: 5.981 GC heap after
Heap after GC invocations=21 (full 0):
 PSYoungGen      total 57344K, used 2545K [0x00000000e0300000, 0x00000000e5600000, 0x0000000100000000)
  eden space 54784K, 0% used [0x00000000e0300000,0x00000000e0300000,0x00000000e3880000)
  from space 2560K, 99% used [0x00000000e3880000,0x00000000e3afc730,0x00000000e3b00000)
  to   space 4096K, 0% used [0x00000000e5200000,0x00000000e5200000,0x00000000e5600000)
 ParOldGen       total 96768K, used 8058K [0x00000000a0800000, 0x00000000a6680000, 0x00000000e0300000)
  object space 96768K, 8% used [0x00000000a0800000,0x00000000a0fde980,0x00000000a6680000)
 Metaspace       used 20583K, capacity 20854K, committed 21120K, reserved 1067008K
  class space    used 2614K, capacity 2661K, committed 2688K, reserved 1048576K
}

Deoptimization events (10 events):
Event: 4.699 Thread 0x0000000001df2800 Uncommon trap: reason=bimorphic action=maybe_recompile pc=0x0000000002aa3768 method=java.util.regex.Matcher.match(II)Z @ 86
Event: 4.700 Thread 0x0000000001df2800 Uncommon trap: reason=bimorphic action=maybe_recompile pc=0x0000000002aa3768 method=java.util.regex.Matcher.match(II)Z @ 86
Event: 4.700 Thread 0x0000000001df2800 Uncommon trap: reason=bimorphic action=maybe_recompile pc=0x0000000002aa3768 method=java.util.regex.Matcher.match(II)Z @ 86
Event: 5.375 Thread 0x0000000001df2800 Uncommon trap: reason=unloaded action=reinterpret pc=0x000000000286e088 method=org.springframework.util.ConcurrentReferenceHashMap$Segment.restructureIfNecessary(Z)V @ 312
Event: 5.416 Thread 0x0000000001df2800 Uncommon trap: reason=class_check action=maybe_recompile pc=0x0000000002aba450 method=java.util.concurrent.ConcurrentHashMap.putVal(Ljava/lang/Object;Ljava/lang/Object;Z)Ljava/lang/Object; @ 192
Event: 5.423 Thread 0x0000000001df2800 Uncommon trap: reason=unreached action=reinterpret pc=0x0000000002669908 method=sun.misc.URLClassPath$JarLoader.ensureOpen()V @ 4
Event: 5.579 Thread 0x0000000001df2800 Uncommon trap: reason=class_check action=maybe_recompile pc=0x0000000002764160 method=java.util.Hashtable.get(Ljava/lang/Object;)Ljava/lang/Object; @ 6
Event: 5.580 Thread 0x0000000001df2800 Uncommon trap: reason=class_check action=maybe_recompile pc=0x0000000002764160 method=java.util.Hashtable.get(Ljava/lang/Object;)Ljava/lang/Object; @ 6
Event: 5.580 Thread 0x0000000001df2800 Uncommon trap: reason=class_check action=maybe_recompile pc=0x0000000002764160 method=java.util.Hashtable.get(Ljava/lang/Object;)Ljava/lang/Object; @ 6
Event: 5.583 Thread 0x0000000001df2800 Uncommon trap: reason=class_check action=maybe_recompile pc=0x0000000002764160 method=java.util.Hashtable.get(Ljava/lang/Object;)Ljava/lang/Object; @ 6

Internal exceptions (10 events):
Event: 6.018 Thread 0x0000000058f39800 Exception <a 'java/security/PrivilegedActionException'> (0x00000000e0470b80) thrown at [D:\re\workspace\8-2-build-windows-amd64-cygwin\jdk8\2238\hotspot\src\share\vm\prims\jvm.cpp, line 1248]
Event: 6.019 Thread 0x0000000058f39800 Exception <a 'java/security/PrivilegedActionException'> (0x00000000e0476808) thrown at [D:\re\workspace\8-2-build-windows-amd64-cygwin\jdk8\2238\hotspot\src\share\vm\prims\jvm.cpp, line 1248]
Event: 6.021 Thread 0x0000000058f39800 Exception <a 'java/security/PrivilegedActionException'> (0x00000000e0496718) thrown at [D:\re\workspace\8-2-build-windows-amd64-cygwin\jdk8\2238\hotspot\src\share\vm\prims\jvm.cpp, line 1248]
Event: 6.025 Thread 0x0000000058f39800 Exception <a 'java/security/PrivilegedActionException'> (0x00000000e04b4018) thrown at [D:\re\workspace\8-2-build-windows-amd64-cygwin\jdk8\2238\hotspot\src\share\vm\prims\jvm.cpp, line 1248]
Event: 6.029 Thread 0x0000000058f39800 Exception <a 'java/security/PrivilegedActionException'> (0x00000000e04c57d8) thrown at [D:\re\workspace\8-2-build-windows-amd64-cygwin\jdk8\2238\hotspot\src\share\vm\prims\jvm.cpp, line 1248]
Event: 6.030 Thread 0x0000000058f39800 Exception <a 'java/security/PrivilegedActionException'> (0x00000000e04cc1f0) thrown at [D:\re\workspace\8-2-build-windows-amd64-cygwin\jdk8\2238\hotspot\src\share\vm\prims\jvm.cpp, line 1248]
Event: 6.031 Thread 0x0000000058f39800 Exception <a 'java/security/PrivilegedActionException'> (0x00000000e04d0548) thrown at [D:\re\workspace\8-2-build-windows-amd64-cygwin\jdk8\2238\hotspot\src\share\vm\prims\jvm.cpp, line 1248]
Event: 6.031 Thread 0x0000000058f39800 Exception <a 'java/security/PrivilegedActionException'> (0x00000000e04d4618) thrown at [D:\re\workspace\8-2-build-windows-amd64-cygwin\jdk8\2238\hotspot\src\share\vm\prims\jvm.cpp, line 1248]
Event: 6.032 Thread 0x0000000058f39800 Exception <a 'java/security/PrivilegedActionException'> (0x00000000e04d9488) thrown at [D:\re\workspace\8-2-build-windows-amd64-cygwin\jdk8\2238\hotspot\src\share\vm\prims\jvm.cpp, line 1248]
Event: 6.032 Thread 0x0000000058f39800 Exception <a 'java/security/PrivilegedActionException'> (0x00000000e04dd6a8) thrown at [D:\re\workspace\8-2-build-windows-amd64-cygwin\jdk8\2238\hotspot\src\share\vm\prims\jvm.cpp, line 1248]

Events (10 events):
Event: 6.030 loading class javax/naming/NameAlreadyBoundException
Event: 6.030 loading class javax/naming/NameAlreadyBoundException done
Event: 6.031 loading class org/apache/naming/TransactionRef
Event: 6.031 loading class org/apache/naming/TransactionRef done
Event: 6.031 loading class org/apache/naming/ResourceRef
Event: 6.031 loading class org/apache/naming/ResourceRef done
Event: 6.032 loading class org/apache/naming/EjbRef
Event: 6.032 loading class org/apache/naming/EjbRef done
Event: 6.032 loading class org/apache/naming/ResourceLinkRef
Event: 6.032 loading class org/apache/naming/ResourceLinkRef done


Dynamic libraries:
0x000000013fd60000 - 0x000000013fd94000 	C:\Program Files\Java\jre8\bin\javaw.exe
0x0000000076cc0000 - 0x0000000076e69000 	C:\Windows\SYSTEM32\ntdll.dll
0x0000000076a50000 - 0x0000000076b6f000 	C:\Windows\system32\kernel32.dll
0x000007fefd480000 - 0x000007fefd4eb000 	C:\Windows\system32\KERNELBASE.dll
0x000007fefead0000 - 0x000007fefebab000 	C:\Windows\system32\ADVAPI32.dll
0x000007fefe9d0000 - 0x000007fefea6f000 	C:\Windows\system32\msvcrt.dll
0x000007fefd510000 - 0x000007fefd52f000 	C:\Windows\SYSTEM32\sechost.dll
0x000007fefe3f0000 - 0x000007fefe51d000 	C:\Windows\system32\RPCRT4.dll
0x00000000767f0000 - 0x00000000768ea000 	C:\Windows\system32\USER32.dll
0x000007fefee50000 - 0x000007fefeeb7000 	C:\Windows\system32\GDI32.dll
0x000007fefee40000 - 0x000007fefee4e000 	C:\Windows\system32\LPK.dll
0x000007fefe5a0000 - 0x000007fefe669000 	C:\Windows\system32\USP10.dll
0x000007fefb7b0000 - 0x000007fefb9a4000 	C:\Windows\WinSxS\amd64_microsoft.windows.common-controls_6595b64144ccf1df_6.0.7601.17514_none_fa396087175ac9ac\COMCTL32.dll
0x000007fefe520000 - 0x000007fefe591000 	C:\Windows\system32\SHLWAPI.dll
0x000007fefd5d0000 - 0x000007fefd5fe000 	C:\Windows\system32\IMM32.DLL
0x000007fefeec0000 - 0x000007fefefc9000 	C:\Windows\system32\MSCTF.dll
0x000000005b250000 - 0x000000005b322000 	C:\Program Files\Java\jre8\bin\msvcr100.dll
0x000000006f700000 - 0x000000006ff2a000 	C:\Program Files\Java\jre8\bin\server\jvm.dll
0x000007fee8fc0000 - 0x000007fee8fc9000 	C:\Windows\system32\WSOCK32.dll
0x000007fefe3a0000 - 0x000007fefe3ed000 	C:\Windows\system32\WS2_32.dll
0x000007fefd600000 - 0x000007fefd608000 	C:\Windows\system32\NSI.dll
0x000007fefbcd0000 - 0x000007fefbd0b000 	C:\Windows\system32\WINMM.dll
0x0000000076e80000 - 0x0000000076e87000 	C:\Windows\system32\PSAPI.DLL
0x000000005c920000 - 0x000000005c92f000 	C:\Program Files\Java\jre8\bin\verify.dll
0x000000005b220000 - 0x000000005b248000 	C:\Program Files\Java\jre8\bin\java.dll
0x000000005b200000 - 0x000000005b216000 	C:\Program Files\Java\jre8\bin\zip.dll
0x000007fefd610000 - 0x000007fefe398000 	C:\Windows\system32\SHELL32.dll
0x000007fefebb0000 - 0x000007fefedb3000 	C:\Windows\system32\ole32.dll
0x000007fefd120000 - 0x000007fefd12f000 	C:\Windows\system32\profapi.dll
0x000000005aaa0000 - 0x000000005aaad000 	C:\Program Files\Java\jre8\bin\management.dll
0x000000005b1e0000 - 0x000000005b1fa000 	C:\Program Files\Java\jre8\bin\net.dll
0x000007fefc990000 - 0x000007fefc9e5000 	C:\Windows\system32\mswsock.dll
0x000007fefc980000 - 0x000007fefc987000 	C:\Windows\System32\wship6.dll
0x000000005b1c0000 - 0x000000005b1d1000 	C:\Program Files\Java\jre8\bin\nio.dll
0x000007fefaef0000 - 0x000007fefaf05000 	C:\Windows\system32\NLAapi.dll
0x000007fef73b0000 - 0x000007fef73c5000 	C:\Windows\system32\napinsp.dll
0x000007fef7220000 - 0x000007fef7239000 	C:\Windows\system32\pnrpnsp.dll
0x000007fefc810000 - 0x000007fefc86b000 	C:\Windows\system32\DNSAPI.dll
0x000007fef2f40000 - 0x000007fef2f4b000 	C:\Windows\System32\winrnr.dll
0x000007fef9460000 - 0x000007fef948f000 	C:\Program Files\Common Files\Microsoft Shared\Windows Live\WLIDNSP.DLL
0x0000000071700000 - 0x0000000071726000 	C:\Program Files\Bonjour\mdnsNSP.dll
0x000007fefc2e0000 - 0x000007fefc307000 	C:\Windows\system32\Iphlpapi.DLL
0x000007fefc2d0000 - 0x000007fefc2db000 	C:\Windows\system32\WINNSI.DLL
0x0000000180000000 - 0x0000000180025000 	C:\Program Files (x86)\Avira\AntiVir Desktop\avsda64.dll
0x000007fefc2b0000 - 0x000007fefc2b7000 	C:\Windows\System32\wshtcpip.dll
0x000007fef9450000 - 0x000007fef9458000 	C:\Windows\system32\rasadhlp.dll
0x000007fefa500000 - 0x000007fefa553000 	C:\Windows\System32\fwpuclnt.dll
0x000007fefc9f0000 - 0x000007fefca07000 	C:\Windows\system32\CRYPTSP.dll
0x000007fefc6f0000 - 0x000007fefc737000 	C:\Windows\system32\rsaenh.dll
0x000007fefc410000 - 0x000007fefc42e000 	C:\Windows\system32\USERENV.dll
0x000007fefd050000 - 0x000007fefd05f000 	C:\Windows\system32\CRYPTBASE.dll

VM Arguments:
jvm_args: -Dspring.liveBeansView.mbeanDomain -Dcom.sun.management.jmxremote -Dcom.sun.management.jmxremote.port=47275 -Dcom.sun.management.jmxremote.authenticate=false -Dcom.sun.management.jmxremote.ssl=false -Dfile.encoding=UTF-8 
java_command: jrmds.Application
java_class_path (initial): D:\Git\JRMDS\foobar\target\classes;C:\Users\Lars\.m2\repository\org\mockito\mockito-core\1.9.5\mockito-core-1.9.5.jar;C:\Users\Lars\.m2\repository\org\apache\tomcat\embed\tomcat-embed-el\7.0.56\tomcat-embed-el-7.0.56.jar;C:\Users\Lars\.m2\repository\org\springframework\boot\spring-boot-starter-thymeleaf\1.1.9.RELEASE\spring-boot-starter-thymeleaf-1.1.9.RELEASE.jar;C:\Users\Lars\.m2\repository\org\springframework\boot\spring-boot-starter\1.1.9.RELEASE\spring-boot-starter-1.1.9.RELEASE.jar;C:\Users\Lars\.m2\repository\org\springframework\boot\spring-boot\1.1.9.RELEASE\spring-boot-1.1.9.RELEASE.jar;C:\Users\Lars\.m2\repository\org\springframework\boot\spring-boot-autoconfigure\1.1.9.RELEASE\spring-boot-autoconfigure-1.1.9.RELEASE.jar;C:\Users\Lars\.m2\repository\org\springframework\boot\spring-boot-starter-logging\1.1.9.RELEASE\spring-boot-starter-logging-1.1.9.RELEASE.jar;C:\Users\Lars\.m2\repository\org\slf4j\jul-to-slf4j\1.7.7\jul-to-slf4j-1.7.7.jar;C:\Users\Lars\.m2\repository\org\slf4j\log4j-over-slf4j\1.7.7\log4j-over-slf4j-1.7.7.jar;C:\Users\Lars\.m2\repository\ch\qos\logback\logback-classic\1.1.2\logback-classic-1.1.2.jar;C:\Users\Lars\.m2\repository\ch\qos\logback\logback-core\1.1.2\logback-core-1.1.2.jar;C:\Users\Lars\.m2\repository\org\yaml\snakeyaml\1.13\snakeyaml-1.13.jar;C:\Users\Lars\.m2\repository\org\springframework\boot\spring-boot-starter-web\1.1.9.RELEASE\spring-boot-starter-web-1.1.9.RELEASE.jar;C:\Users\Lars\.m2\repository\org\springframework\boot\spring-boot-starter-tomcat\1.1.9.RELEASE\spring-boot-starter-tomcat-1.1.9.RELEASE.jar;C:\Users\Lars\.m2\repository\org\apache\tomcat\embed\tomcat-embed-core\7.0.56\tomcat-embed-core-7.0.56.jar;C:\Users\Lars\.m2\repository\org\apache\tomcat\embed\tomcat-embed-logging-juli\7.0.56\tomcat-embed-logging-juli-7.0.56.jar;C:\Users\Lars\.m2\repository\org\apache\tomcat\embed\tomcat-embed-websocket\7.0.56\tomcat-embed-websocket-7.0.56.jar;C:\Users\Lars\.m2\repository\com\fasterxml\jack
Launcher Type: SUN_STANDARD

Environment Variables:
PATH=c:\cygwin\bin;C:\mingw\bin;C:\Program Files\Common Files\Microsoft Shared\Windows Live;C:\Program Files (x86)\Common Files\Microsoft Shared\Windows Live;C:\Windows\system32;C:\Windows;C:\Windows\System32\Wbem;C:\Windows\System32\WindowsPowerShell\v1.0\;c:\Program Files (x86)\Microsoft SQL Server\100\Tools\Binn\;c:\Program Files\Microsoft SQL Server\100\Tools\Binn\;c:\Program Files\Microsoft SQL Server\100\DTS\Binn\;c:\Program Files (x86)\Microsoft SQL Server\100\Tools\Binn\VSShell\Common7\IDE\;c:\Program Files (x86)\Microsoft SQL Server\100\DTS\Binn\;C:\Program Files (x86)\ATI Technologies\ATI.ACE\Core-Static;C:\Program Files (x86)\Windows Live\Shared;C:\MinGW\bin\;C:\Program Files\Perforce;C:\VXIPNP\WinNT\Bin;C:\Program Files\Java\jre7\bin;C:\Program Files\Java\jdk1.8.0\bin;D:\Programme\Anaconda;D:\Programme\Anaconda\Scripts;C:\Program Files (x86)\Astaro\Astaro SSL VPN Client\bin
USERNAME=Lars
OS=Windows_NT
PROCESSOR_IDENTIFIER=Intel64 Family 6 Model 23 Stepping 10, GenuineIntel



---------------  S Y S T E M  ---------------

OS: Windows 7 , 64 bit Build 7601 Service Pack 1

CPU:total 2 (2 cores per cpu, 1 threads per core) family 6 model 23 stepping 10, cmov, cx8, fxsr, mmx, sse, sse2, sse3, ssse3, sse4.1, tsc

Memory: 4k page, physical 6255468k(627776k free), swap 7910244k(5208k free)

vm_info: Java HotSpot(TM) 64-Bit Server VM (25.0-b70) for windows-amd64 JRE (1.8.0-b132), built on Mar  4 2014 03:46:18 by "java_re" with MS VC++ 10.0 (VS2010)

time: Sat Dec 06 12:46:12 2014
elapsed time: 6 seconds

